

                 BREMSSTRAHLUNG ENERGY SPECTRUM AND SHAPE FUNCTIONS FOR Z=  2, T1=   1.0 KEV
------------------------------------------------------------------------------------------------------------------------
     K/T1=    0.0      0.1      0.2      0.3      0.4      0.5      0.6      0.7      0.8      0.9      0.95     1.0
------------------------------------------------------------------------------------------------------------------------
 SPECTRUM=   7.167    7.171    6.994    6.723    6.411    6.078    5.740    5.424    5.150    4.940    4.859    4.822
    ANGLE
      0     0.1017   0.0902   0.0788   0.0676   0.0568   0.0463   0.0362   0.0267   0.0176   0.0088   0.0044   0.0001
      5     0.1015   0.0901   0.0789   0.0679   0.0571   0.0468   0.0369   0.0275   0.0185   0.0098   0.0055   0.0012
     10     0.1008   0.0899   0.0792   0.0686   0.0583   0.0483   0.0388   0.0299   0.0212   0.0129   0.0088   0.0046
     15     0.0998   0.0896   0.0796   0.0697   0.0601   0.0508   0.0420   0.0336   0.0256   0.0178   0.0140   0.0101
     20     0.0984   0.0892   0.0801   0.0712   0.0626   0.0542   0.0462   0.0387   0.0315   0.0245   0.0210   0.0175
     25     0.0966   0.0887   0.0808   0.0731   0.0655   0.0583   0.0514   0.0449   0.0386   0.0325   0.0295   0.0265

     30     0.0946   0.0880   0.0815   0.0751   0.0689   0.0629   0.0572   0.0518   0.0467   0.0417   0.0392   0.0367
     35     0.0924   0.0873   0.0823   0.0773   0.0725   0.0679   0.0635   0.0594   0.0554   0.0516   0.0496   0.0477
     40     0.0900   0.0865   0.0830   0.0796   0.0763   0.0731   0.0701   0.0672   0.0645   0.0618   0.0605   0.0591
     45     0.0876   0.0857   0.0837   0.0818   0.0800   0.0782   0.0765   0.0750   0.0735   0.0720   0.0713   0.0705
     50     0.0852   0.0848   0.0843   0.0839   0.0835   0.0831   0.0828   0.0824   0.0821   0.0818   0.0816   0.0814
     55     0.0829   0.0839   0.0848   0.0858   0.0867   0.0876   0.0885   0.0893   0.0901   0.0908   0.0912   0.0915

     60     0.0807   0.0830   0.0852   0.0874   0.0895   0.0916   0.0935   0.0954   0.0971   0.0988   0.0996   0.1004
     65     0.0787   0.0821   0.0854   0.0886   0.0918   0.0948   0.0977   0.1004   0.1030   0.1055   0.1067   0.1079
     70     0.0769   0.0812   0.0853   0.0894   0.0934   0.0972   0.1009   0.1043   0.1075   0.1106   0.1122   0.1137
     75     0.0755   0.0803   0.0851   0.0899   0.0944   0.0988   0.1030   0.1069   0.1106   0.1142   0.1160   0.1177
     80     0.0743   0.0795   0.0847   0.0898   0.0948   0.0995   0.1040   0.1082   0.1122   0.1161   0.1180   0.1199
     85     0.0734   0.0788   0.0841   0.0893   0.0944   0.0993   0.1039   0.1082   0.1123   0.1162   0.1181   0.1201

     90     0.0728   0.0781   0.0833   0.0884   0.0934   0.0982   0.1026   0.1069   0.1108   0.1147   0.1166   0.1185
     95     0.0725   0.0775   0.0824   0.0872   0.0918   0.0962   0.1004   0.1043   0.1080   0.1116   0.1134   0.1151
    100     0.0726   0.0769   0.0813   0.0855   0.0896   0.0935   0.0972   0.1007   0.1039   0.1071   0.1087   0.1102
    105     0.0728   0.0765   0.0800   0.0835   0.0869   0.0902   0.0932   0.0960   0.0987   0.1013   0.1026   0.1039
    110     0.0734   0.0761   0.0787   0.0813   0.0838   0.0862   0.0885   0.0906   0.0926   0.0945   0.0955   0.0964
    115     0.0741   0.0757   0.0773   0.0789   0.0804   0.0819   0.0832   0.0845   0.0857   0.0868   0.0874   0.0880

    120     0.0750   0.0755   0.0759   0.0764   0.0768   0.0772   0.0776   0.0779   0.0782   0.0786   0.0787   0.0789
    125     0.0760   0.0753   0.0745   0.0737   0.0730   0.0723   0.0717   0.0710   0.0705   0.0699   0.0697   0.0694
    130     0.0771   0.0751   0.0731   0.0711   0.0692   0.0674   0.0657   0.0641   0.0626   0.0611   0.0604   0.0597
    135     0.0783   0.0750   0.0717   0.0685   0.0655   0.0625   0.0598   0.0572   0.0548   0.0524   0.0513   0.0502
    140     0.0794   0.0749   0.0704   0.0661   0.0619   0.0578   0.0540   0.0505   0.0472   0.0440   0.0425   0.0409
    145     0.0805   0.0749   0.0692   0.0638   0.0585   0.0534   0.0487   0.0442   0.0401   0.0361   0.0341   0.0322

    150     0.0816   0.0748   0.0682   0.0617   0.0554   0.0494   0.0438   0.0385   0.0336   0.0289   0.0265   0.0242
    155     0.0825   0.0748   0.0672   0.0598   0.0526   0.0458   0.0394   0.0334   0.0278   0.0225   0.0198   0.0172
    160     0.0833   0.0748   0.0664   0.0582   0.0503   0.0428   0.0357   0.0291   0.0230   0.0170   0.0141   0.0112
    165     0.0840   0.0748   0.0658   0.0570   0.0485   0.0404   0.0328   0.0257   0.0191   0.0127   0.0095   0.0064
    170     0.0845   0.0748   0.0654   0.0561   0.0471   0.0386   0.0306   0.0232   0.0162   0.0095   0.0062   0.0029
    175     0.0848   0.0749   0.0651   0.0555   0.0463   0.0375   0.0293   0.0217   0.0145   0.0076   0.0042   0.0008
    180     0.0849   0.0749   0.0650   0.0553   0.0460   0.0372   0.0289   0.0212   0.0139   0.0069   0.0035   0.0000


                 BREMSSTRAHLUNG ENERGY SPECTRUM AND SHAPE FUNCTIONS FOR Z=  2, T1= 500.0 KEV
------------------------------------------------------------------------------------------------------------------------
     K/T1=    0.0      0.1      0.2      0.3      0.4      0.5      0.6      0.7      0.8      0.9      0.95     1.0
------------------------------------------------------------------------------------------------------------------------
 SPECTRUM=  13.577    9.377    7.195    5.726    4.607    3.701    2.938    2.270    1.667    1.077    0.747    0.178
    ANGLE
      0     1.1491   1.0829   1.0354   0.9927   0.9486   0.9001   0.8457   0.7533   0.5341   0.2772   0.1835   0.0897
      5     1.0676   1.0252   0.9940   0.9646   0.9331   0.8974   0.8567   0.7840   0.6039   0.3902   0.3120   0.2338
     10     0.8711   0.8785   0.8810   0.8795   0.8740   0.8649   0.8524   0.8213   0.7261   0.6071   0.5631   0.5190
     15     0.6521   0.6981   0.7270   0.7469   0.7617   0.7732   0.7826   0.7854   0.7650   0.7316   0.7186   0.7057
     20     0.4716   0.5301   0.5676   0.5948   0.6167   0.6356   0.6530   0.6707   0.6898   0.7044   0.7091   0.7138
     25     0.3432   0.3949   0.4280   0.4522   0.4718   0.4889   0.5048   0.5235   0.5536   0.5841   0.5949   0.6057

     30     0.2566   0.2938   0.3176   0.3349   0.3488   0.3609   0.3719   0.3860   0.4129   0.4425   0.4531   0.4637
     35     0.1978   0.2207   0.2353   0.2457   0.2540   0.2611   0.2675   0.2763   0.2959   0.3187   0.3270   0.3353
     40     0.1566   0.1682   0.1755   0.1807   0.1848   0.1881   0.1910   0.1957   0.2084   0.2240   0.2298   0.2356
     45     0.1265   0.1303   0.1326   0.1342   0.1354   0.1363   0.1369   0.1389   0.1463   0.1562   0.1599   0.1636
     50     0.1038   0.1025   0.1017   0.1010   0.1004   0.0999   0.0992   0.0995   0.1033   0.1090   0.1112   0.1134
     55     0.0862   0.0820   0.0792   0.0772   0.0756   0.0742   0.0730   0.0722   0.0737   0.0767   0.0778   0.0790

     60     0.0724   0.0665   0.0627   0.0600   0.0579   0.0561   0.0545   0.0533   0.0533   0.0544   0.0549   0.0554
     65     0.0613   0.0546   0.0504   0.0474   0.0450   0.0431   0.0414   0.0399   0.0392   0.0391   0.0392   0.0392
     70     0.0524   0.0454   0.0410   0.0380   0.0356   0.0337   0.0320   0.0305   0.0292   0.0285   0.0283   0.0281
     75     0.0451   0.0382   0.0339   0.0309   0.0286   0.0267   0.0251   0.0236   0.0221   0.0210   0.0206   0.0202
     80     0.0391   0.0325   0.0284   0.0255   0.0233   0.0215   0.0200   0.0186   0.0170   0.0156   0.0152   0.0147
     85     0.0342   0.0280   0.0240   0.0213   0.0192   0.0176   0.0162   0.0149   0.0133   0.0118   0.0113   0.0108

     90     0.0302   0.0243   0.0206   0.0180   0.0161   0.0146   0.0133   0.0121   0.0105   0.0090   0.0085   0.0080
     95     0.0268   0.0213   0.0178   0.0155   0.0137   0.0123   0.0111   0.0100   0.0084   0.0070   0.0065   0.0060
    100     0.0240   0.0188   0.0156   0.0134   0.0117   0.0105   0.0094   0.0084   0.0069   0.0055   0.0050   0.0045
    105     0.0216   0.0168   0.0138   0.0118   0.0102   0.0090   0.0081   0.0071   0.0057   0.0043   0.0039   0.0034
    110     0.0196   0.0152   0.0124   0.0104   0.0090   0.0079   0.0070   0.0061   0.0048   0.0035   0.0030   0.0026
    115     0.0180   0.0138   0.0111   0.0093   0.0080   0.0070   0.0062   0.0053   0.0041   0.0028   0.0024   0.0020

    120     0.0166   0.0126   0.0101   0.0084   0.0072   0.0062   0.0055   0.0047   0.0035   0.0023   0.0019   0.0015
    125     0.0154   0.0116   0.0093   0.0077   0.0065   0.0056   0.0049   0.0042   0.0031   0.0020   0.0016   0.0012
    130     0.0144   0.0108   0.0086   0.0071   0.0060   0.0052   0.0045   0.0038   0.0028   0.0017   0.0013   0.0009
    135     0.0135   0.0102   0.0081   0.0066   0.0056   0.0048   0.0041   0.0035   0.0025   0.0014   0.0011   0.0007
    140     0.0128   0.0096   0.0076   0.0062   0.0052   0.0045   0.0039   0.0033   0.0023   0.0013   0.0009   0.0005
    145     0.0122   0.0091   0.0072   0.0059   0.0049   0.0042   0.0036   0.0030   0.0021   0.0011   0.0008   0.0004

    150     0.0117   0.0087   0.0069   0.0056   0.0047   0.0040   0.0034   0.0029   0.0020   0.0010   0.0007   0.0003
    155     0.0113   0.0084   0.0066   0.0054   0.0045   0.0038   0.0033   0.0028   0.0019   0.0009   0.0006   0.0003
    160     0.0110   0.0082   0.0064   0.0052   0.0044   0.0037   0.0032   0.0027   0.0018   0.0009   0.0006   0.0002
    165     0.0108   0.0080   0.0063   0.0051   0.0043   0.0036   0.0031   0.0026   0.0017   0.0008   0.0005   0.0002
    170     0.0106   0.0079   0.0062   0.0050   0.0042   0.0035   0.0030   0.0025   0.0017   0.0008   0.0005   0.0002
    175     0.0105   0.0078   0.0061   0.0050   0.0041   0.0035   0.0030   0.0025   0.0017   0.0008   0.0005   0.0002
    180     0.0105   0.0078   0.0061   0.0050   0.0041   0.0035   0.0030   0.0025   0.0017   0.0008   0.0005   0.0002


                 BREMSSTRAHLUNG ENERGY SPECTRUM AND SHAPE FUNCTIONS FOR Z= 47, T1=  10.0 KEV
------------------------------------------------------------------------------------------------------------------------
     K/T1=    0.0      0.1      0.2      0.3      0.4      0.5      0.6      0.7      0.8      0.9      0.95     1.0
------------------------------------------------------------------------------------------------------------------------
 SPECTRUM=   4.765    4.987    5.074    5.099    5.091    5.067    5.040    5.017    5.002    4.998    4.999    5.003
    ANGLE
      0     0.0979   0.0876   0.0777   0.0686   0.0604   0.0533   0.0475   0.0431   0.0396   0.0364   0.0349   0.0334
      5     0.0979   0.0877   0.0780   0.0690   0.0610   0.0540   0.0483   0.0440   0.0406   0.0375   0.0360   0.0344
     10     0.0976   0.0880   0.0789   0.0704   0.0627   0.0561   0.0508   0.0467   0.0434   0.0405   0.0391   0.0376
     15     0.0973   0.0886   0.0802   0.0725   0.0655   0.0595   0.0547   0.0510   0.0480   0.0453   0.0440   0.0427
     20     0.0968   0.0892   0.0820   0.0753   0.0692   0.0640   0.0598   0.0565   0.0540   0.0516   0.0505   0.0494
     25     0.0962   0.0900   0.0840   0.0785   0.0736   0.0693   0.0658   0.0631   0.0610   0.0591   0.0582   0.0573

     30     0.0954   0.0907   0.0862   0.0821   0.0783   0.0750   0.0724   0.0704   0.0687   0.0673   0.0666   0.0658
     35     0.0945   0.0914   0.0884   0.0856   0.0831   0.0810   0.0792   0.0778   0.0767   0.0757   0.0752   0.0747
     40     0.0936   0.0920   0.0905   0.0891   0.0878   0.0867   0.0858   0.0851   0.0844   0.0839   0.0836   0.0833
     45     0.0925   0.0924   0.0923   0.0922   0.0921   0.0920   0.0919   0.0918   0.0916   0.0915   0.0914   0.0913
     50     0.0913   0.0925   0.0937   0.0948   0.0958   0.0966   0.0972   0.0976   0.0979   0.0981   0.0982   0.0983
     55     0.0900   0.0924   0.0947   0.0968   0.0987   0.1002   0.1015   0.1024   0.1030   0.1036   0.1038   0.1040

     60     0.0887   0.0920   0.0951   0.0981   0.1007   0.1029   0.1046   0.1059   0.1068   0.1076   0.1080   0.1083
     65     0.0873   0.0913   0.0951   0.0986   0.1017   0.1044   0.1065   0.1081   0.1092   0.1102   0.1106   0.1111
     70     0.0858   0.0902   0.0944   0.0983   0.1018   0.1048   0.1071   0.1088   0.1101   0.1112   0.1117   0.1123
     75     0.0843   0.0889   0.0933   0.0974   0.1010   0.1041   0.1065   0.1083   0.1096   0.1108   0.1114   0.1119
     80     0.0827   0.0873   0.0917   0.0957   0.0993   0.1024   0.1048   0.1065   0.1079   0.1090   0.1096   0.1102
     85     0.0811   0.0855   0.0896   0.0934   0.0968   0.0997   0.1020   0.1037   0.1049   0.1061   0.1066   0.1072

     90     0.0796   0.0835   0.0872   0.0906   0.0937   0.0963   0.0983   0.0998   0.1010   0.1020   0.1025   0.1030
     95     0.0780   0.0813   0.0845   0.0874   0.0900   0.0922   0.0939   0.0952   0.0962   0.0971   0.0976   0.0980
    100     0.0764   0.0790   0.0815   0.0838   0.0859   0.0876   0.0890   0.0900   0.0908   0.0915   0.0919   0.0923
    105     0.0749   0.0767   0.0784   0.0800   0.0814   0.0826   0.0836   0.0843   0.0849   0.0854   0.0857   0.0860
    110     0.0733   0.0743   0.0752   0.0760   0.0768   0.0774   0.0779   0.0783   0.0786   0.0790   0.0792   0.0793
    115     0.0719   0.0719   0.0720   0.0720   0.0721   0.0721   0.0722   0.0722   0.0723   0.0724   0.0724   0.0725

    120     0.0705   0.0696   0.0688   0.0680   0.0673   0.0668   0.0664   0.0661   0.0659   0.0658   0.0657   0.0657
    125     0.0691   0.0673   0.0656   0.0641   0.0627   0.0615   0.0607   0.0600   0.0596   0.0593   0.0591   0.0589
    130     0.0679   0.0652   0.0626   0.0603   0.0582   0.0565   0.0552   0.0542   0.0536   0.0530   0.0527   0.0524
    135     0.0667   0.0632   0.0598   0.0567   0.0540   0.0517   0.0499   0.0487   0.0478   0.0470   0.0467   0.0463
    140     0.0656   0.0613   0.0572   0.0534   0.0501   0.0473   0.0451   0.0436   0.0425   0.0415   0.0410   0.0406
    145     0.0647   0.0596   0.0548   0.0504   0.0465   0.0432   0.0407   0.0389   0.0376   0.0365   0.0359   0.0353

    150     0.0638   0.0581   0.0527   0.0477   0.0433   0.0396   0.0367   0.0347   0.0333   0.0320   0.0313   0.0307
    155     0.0631   0.0568   0.0509   0.0454   0.0405   0.0365   0.0333   0.0311   0.0295   0.0281   0.0274   0.0267
    160     0.0625   0.0557   0.0493   0.0434   0.0382   0.0339   0.0305   0.0281   0.0264   0.0248   0.0241   0.0233
    165     0.0620   0.0549   0.0481   0.0419   0.0364   0.0318   0.0282   0.0258   0.0239   0.0223   0.0215   0.0207
    170     0.0616   0.0543   0.0473   0.0408   0.0351   0.0303   0.0266   0.0240   0.0221   0.0205   0.0196   0.0188
    175     0.0614   0.0539   0.0467   0.0402   0.0343   0.0294   0.0256   0.0230   0.0211   0.0193   0.0185   0.0177
    180     0.0614   0.0538   0.0466   0.0399   0.0341   0.0291   0.0253   0.0227   0.0207   0.0190   0.0181   0.0173


                 BREMSSTRAHLUNG ENERGY SPECTRUM AND SHAPE FUNCTIONS FOR Z= 92, T1=   1.0 KEV
------------------------------------------------------------------------------------------------------------------------
     K/T1=    0.0      0.1      0.2      0.3      0.4      0.5      0.6      0.7      0.8      0.9      0.95     1.0
------------------------------------------------------------------------------------------------------------------------
 SPECTRUM=   0.462    0.507    0.559    0.615    0.674    0.737    0.802    0.869    0.936    1.002    1.021    1.051
    ANGLE
      0     0.0449   0.0432   0.0416   0.0402   0.0392   0.0388   0.0391   0.0399   0.0408   0.0412   0.0413   0.0414
      5     0.0454   0.0436   0.0421   0.0407   0.0398   0.0394   0.0396   0.0404   0.0413   0.0417   0.0417   0.0418
     10     0.0467   0.0450   0.0435   0.0423   0.0414   0.0410   0.0412   0.0420   0.0428   0.0431   0.0431   0.0431
     15     0.0488   0.0473   0.0459   0.0448   0.0440   0.0436   0.0438   0.0445   0.0452   0.0454   0.0454   0.0453
     20     0.0517   0.0504   0.0492   0.0482   0.0474   0.0471   0.0473   0.0479   0.0485   0.0485   0.0484   0.0483
     25     0.0552   0.0541   0.0531   0.0523   0.0517   0.0514   0.0515   0.0521   0.0525   0.0524   0.0522   0.0520

     30     0.0593   0.0584   0.0576   0.0570   0.0565   0.0563   0.0564   0.0568   0.0570   0.0568   0.0566   0.0563
     35     0.0637   0.0631   0.0626   0.0621   0.0618   0.0616   0.0617   0.0619   0.0620   0.0617   0.0614   0.0611
     40     0.0684   0.0681   0.0677   0.0675   0.0673   0.0672   0.0672   0.0673   0.0673   0.0668   0.0665   0.0662
     45     0.0732   0.0731   0.0730   0.0729   0.0728   0.0728   0.0728   0.0728   0.0726   0.0721   0.0718   0.0714
     50     0.0779   0.0780   0.0781   0.0782   0.0783   0.0783   0.0783   0.0782   0.0779   0.0773   0.0770   0.0766
     55     0.0824   0.0827   0.0830   0.0832   0.0834   0.0835   0.0834   0.0832   0.0828   0.0823   0.0820   0.0816

     60     0.0865   0.0870   0.0874   0.0878   0.0881   0.0882   0.0882   0.0879   0.0874   0.0869   0.0866   0.0863
     65     0.0901   0.0907   0.0913   0.0918   0.0922   0.0924   0.0923   0.0919   0.0914   0.0909   0.0906   0.0903
     70     0.0931   0.0939   0.0946   0.0952   0.0956   0.0958   0.0957   0.0953   0.0948   0.0943   0.0940   0.0938
     75     0.0954   0.0963   0.0970   0.0977   0.0982   0.0984   0.0983   0.0979   0.0974   0.0969   0.0967   0.0965
     80     0.0970   0.0978   0.0987   0.0993   0.0998   0.1001   0.1000   0.0996   0.0991   0.0987   0.0985   0.0983
     85     0.0977   0.0986   0.0994   0.1001   0.1006   0.1009   0.1008   0.1004   0.0999   0.0996   0.0994   0.0993

     90     0.0976   0.0984   0.0992   0.0999   0.1004   0.1007   0.1006   0.1003   0.0998   0.0995   0.0994   0.0993
     95     0.0967   0.0975   0.0982   0.0988   0.0993   0.0995   0.0995   0.0992   0.0988   0.0986   0.0986   0.0985
    100     0.0950   0.0957   0.0963   0.0968   0.0972   0.0975   0.0974   0.0972   0.0969   0.0968   0.0968   0.0968
    105     0.0926   0.0931   0.0936   0.0940   0.0944   0.0945   0.0945   0.0943   0.0942   0.0942   0.0943   0.0944
    110     0.0895   0.0899   0.0902   0.0905   0.0907   0.0909   0.0909   0.0907   0.0907   0.0909   0.0910   0.0912
    115     0.0858   0.0860   0.0862   0.0863   0.0864   0.0865   0.0865   0.0865   0.0866   0.0869   0.0871   0.0873

    120     0.0818   0.0817   0.0817   0.0817   0.0816   0.0816   0.0817   0.0817   0.0820   0.0824   0.0827   0.0830
    125     0.0773   0.0771   0.0768   0.0766   0.0765   0.0764   0.0764   0.0766   0.0769   0.0775   0.0779   0.0782
    130     0.0727   0.0722   0.0717   0.0714   0.0711   0.0709   0.0710   0.0712   0.0717   0.0724   0.0728   0.0732
    135     0.0680   0.0673   0.0666   0.0660   0.0656   0.0654   0.0654   0.0658   0.0663   0.0672   0.0676   0.0680
    140     0.0634   0.0624   0.0615   0.0608   0.0602   0.0600   0.0600   0.0604   0.0611   0.0619   0.0624   0.0629
    145     0.0589   0.0577   0.0567   0.0558   0.0551   0.0548   0.0548   0.0553   0.0560   0.0569   0.0574   0.0579

    150     0.0548   0.0534   0.0522   0.0511   0.0503   0.0499   0.0500   0.0505   0.0514   0.0522   0.0527   0.0531
    155     0.0510   0.0495   0.0481   0.0470   0.0461   0.0456   0.0457   0.0463   0.0472   0.0480   0.0484   0.0489
    160     0.0478   0.0462   0.0447   0.0434   0.0424   0.0419   0.0420   0.0427   0.0436   0.0444   0.0448   0.0452
    165     0.0453   0.0435   0.0419   0.0405   0.0395   0.0390   0.0391   0.0397   0.0407   0.0414   0.0418   0.0421
    170     0.0434   0.0416   0.0399   0.0384   0.0374   0.0368   0.0369   0.0376   0.0385   0.0393   0.0396   0.0399
    175     0.0422   0.0404   0.0386   0.0371   0.0361   0.0355   0.0356   0.0363   0.0372   0.0380   0.0382   0.0385
    180     0.0418   0.0400   0.0382   0.0367   0.0356   0.0350   0.0351   0.0359   0.0368   0.0375   0.0378   0.0381


                 BREMSSTRAHLUNG ENERGY SPECTRUM AND SHAPE FUNCTIONS FOR Z= 92, T1= 500.0 KEV
------------------------------------------------------------------------------------------------------------------------
     K/T1=    0.0      0.1      0.2      0.3      0.4      0.5      0.6      0.7      0.8      0.9      0.95     1.0
------------------------------------------------------------------------------------------------------------------------
 SPECTRUM=  11.369    9.833    8.481    7.470    6.625    5.924    5.335    4.834    4.399    4.007    3.822    3.644
    ANGLE
      0     0.7702   0.7089   0.6588   0.6139   0.5708   0.5275   0.4832   0.4378   0.3923   0.3481   0.3277   0.3072
      5     0.7303   0.6821   0.6424   0.6067   0.5722   0.5375   0.5016   0.4646   0.4272   0.3903   0.3731   0.3560
     10     0.6304   0.6112   0.5950   0.5800   0.5649   0.5490   0.5320   0.5140   0.4948   0.4748   0.4653   0.4559
     15     0.5112   0.5187   0.5243   0.5283   0.5311   0.5326   0.5332   0.5327   0.5309   0.5278   0.5261   0.5244
     20     0.4031   0.4253   0.4427   0.4572   0.4698   0.4810   0.4913   0.5007   0.5092   0.5166   0.5200   0.5233
     25     0.3174   0.3427   0.3626   0.3795   0.3944   0.4080   0.4208   0.4330   0.4448   0.4560   0.4612   0.4663

     30     0.2528   0.2745   0.2918   0.3064   0.3194   0.3314   0.3427   0.3536   0.3643   0.3750   0.3800   0.3850
     35     0.2042   0.2203   0.2330   0.2438   0.2534   0.2623   0.2707   0.2788   0.2870   0.2953   0.2993   0.3032
     40     0.1672   0.1776   0.1860   0.1930   0.1993   0.2051   0.2106   0.2159   0.2214   0.2271   0.2298   0.2325
     45     0.1384   0.1443   0.1490   0.1530   0.1566   0.1599   0.1630   0.1660   0.1693   0.1728   0.1745   0.1761
     50     0.1157   0.1182   0.1203   0.1220   0.1235   0.1250   0.1264   0.1277   0.1293   0.1311   0.1320   0.1329
     55     0.0976   0.0978   0.0979   0.0980   0.0982   0.0983   0.0985   0.0987   0.0992   0.0998   0.1002   0.1006

     60     0.0830   0.0816   0.0804   0.0795   0.0787   0.0780   0.0774   0.0769   0.0766   0.0765   0.0765   0.0765
     65     0.0712   0.0687   0.0668   0.0652   0.0638   0.0625   0.0614   0.0604   0.0596   0.0591   0.0589   0.0587
     70     0.0615   0.0584   0.0560   0.0539   0.0522   0.0507   0.0492   0.0480   0.0469   0.0461   0.0458   0.0454
     75     0.0536   0.0501   0.0474   0.0451   0.0432   0.0415   0.0399   0.0385   0.0373   0.0363   0.0359   0.0355
     80     0.0470   0.0434   0.0405   0.0382   0.0361   0.0343   0.0327   0.0312   0.0300   0.0290   0.0285   0.0281
     85     0.0416   0.0379   0.0350   0.0326   0.0306   0.0288   0.0271   0.0256   0.0244   0.0234   0.0229   0.0225

     90     0.0371   0.0334   0.0305   0.0282   0.0261   0.0244   0.0228   0.0213   0.0201   0.0191   0.0186   0.0182
     95     0.0333   0.0297   0.0269   0.0246   0.0226   0.0209   0.0193   0.0179   0.0167   0.0158   0.0154   0.0149
    100     0.0301   0.0266   0.0239   0.0217   0.0198   0.0181   0.0166   0.0153   0.0142   0.0132   0.0128   0.0124
    105     0.0274   0.0241   0.0215   0.0193   0.0175   0.0159   0.0145   0.0132   0.0121   0.0112   0.0109   0.0105
    110     0.0252   0.0219   0.0194   0.0174   0.0156   0.0141   0.0128   0.0116   0.0105   0.0097   0.0093   0.0090
    115     0.0232   0.0202   0.0178   0.0158   0.0141   0.0127   0.0114   0.0103   0.0093   0.0085   0.0081   0.0078

    120     0.0216   0.0187   0.0164   0.0145   0.0129   0.0115   0.0103   0.0092   0.0083   0.0075   0.0072   0.0069
    125     0.0202   0.0174   0.0152   0.0134   0.0119   0.0106   0.0094   0.0084   0.0075   0.0068   0.0065   0.0062
    130     0.0190   0.0163   0.0142   0.0125   0.0111   0.0098   0.0087   0.0078   0.0069   0.0062   0.0059   0.0056
    135     0.0180   0.0154   0.0134   0.0118   0.0104   0.0092   0.0082   0.0072   0.0064   0.0058   0.0055   0.0052
    140     0.0172   0.0147   0.0128   0.0112   0.0099   0.0087   0.0077   0.0068   0.0061   0.0054   0.0051   0.0048
    145     0.0165   0.0141   0.0122   0.0107   0.0094   0.0083   0.0074   0.0065   0.0058   0.0051   0.0048   0.0046

    150     0.0159   0.0136   0.0118   0.0103   0.0091   0.0080   0.0071   0.0063   0.0055   0.0049   0.0046   0.0043
    155     0.0154   0.0132   0.0114   0.0100   0.0088   0.0077   0.0069   0.0061   0.0054   0.0047   0.0045   0.0042
    160     0.0151   0.0128   0.0111   0.0097   0.0086   0.0076   0.0067   0.0059   0.0052   0.0046   0.0043   0.0041
    165     0.0148   0.0126   0.0109   0.0095   0.0084   0.0074   0.0066   0.0058   0.0051   0.0045   0.0043   0.0040
    170     0.0146   0.0124   0.0108   0.0094   0.0083   0.0073   0.0065   0.0057   0.0051   0.0045   0.0042   0.0039
    175     0.0145   0.0123   0.0107   0.0093   0.0082   0.0073   0.0064   0.0057   0.0050   0.0044   0.0042   0.0039
    180     0.0144   0.0123   0.0107   0.0093   0.0082   0.0072   0.0064   0.0057   0.0050   0.0044   0.0042   0.0039